#! /usr/bin/vvp
:ivl_version "11.0 (stable)";
:ivl_delay_selection "TYPICAL";
:vpi_time_precision - 12;
:vpi_module "/usr/lib/x86_64-linux-gnu/ivl/system.vpi";
:vpi_module "/usr/lib/x86_64-linux-gnu/ivl/vhdl_sys.vpi";
:vpi_module "/usr/lib/x86_64-linux-gnu/ivl/vhdl_textio.vpi";
:vpi_module "/usr/lib/x86_64-linux-gnu/ivl/v2005_math.vpi";
:vpi_module "/usr/lib/x86_64-linux-gnu/ivl/va_math.vpi";
S_0x55cc746db8e0 .scope module, "register" "register" 2 13;
 .timescale -9 -12;
    .port_info 0 /INPUT 5 "rs";
    .port_info 1 /INPUT 5 "rt";
    .port_info 2 /INPUT 1 "regWrite";
    .port_info 3 /INPUT 5 "writeReg";
    .port_info 4 /INPUT 32 "writeData";
    .port_info 5 /INPUT 1 "clk";
    .port_info 6 /INPUT 1 "rst";
    .port_info 7 /OUTPUT 32 "readData1";
    .port_info 8 /OUTPUT 32 "readData2";
o0x7f11b7922018 .functor BUFZ 1, C4<z>; HiZ drive
v0x55cc746b2e10_0 .net "clk", 0 0, o0x7f11b7922018;  0 drivers
v0x55cc747006b0_0 .var/i "i", 31 0;
v0x55cc74700790_0 .var "readData1", 31 0;
v0x55cc74700850_0 .var "readData2", 31 0;
o0x7f11b79220d8 .functor BUFZ 1, C4<z>; HiZ drive
v0x55cc74700930_0 .net "regWrite", 0 0, o0x7f11b79220d8;  0 drivers
v0x55cc74700a40 .array/s "registerBank", 0 31, 31 0;
o0x7f11b7922708 .functor BUFZ 5, C4<zzzzz>; HiZ drive
v0x55cc74700f00_0 .net "rs", 4 0, o0x7f11b7922708;  0 drivers
o0x7f11b7922738 .functor BUFZ 1, C4<z>; HiZ drive
v0x55cc74700fe0_0 .net "rst", 0 0, o0x7f11b7922738;  0 drivers
o0x7f11b7922768 .functor BUFZ 5, C4<zzzzz>; HiZ drive
v0x55cc747010a0_0 .net "rt", 4 0, o0x7f11b7922768;  0 drivers
o0x7f11b7922798 .functor BUFZ 32, C4<zzzzzzzzzzzzzzzzzzzzzzzzzzzzzzzz>; HiZ drive
v0x55cc74701180_0 .net "writeData", 31 0, o0x7f11b7922798;  0 drivers
o0x7f11b79227c8 .functor BUFZ 5, C4<zzzzz>; HiZ drive
v0x55cc74701260_0 .net "writeReg", 4 0, o0x7f11b79227c8;  0 drivers
v0x55cc74700a40_0 .array/port v0x55cc74700a40, 0;
v0x55cc74700a40_1 .array/port v0x55cc74700a40, 1;
v0x55cc74700a40_2 .array/port v0x55cc74700a40, 2;
E_0x55cc746ec350/0 .event edge, v0x55cc74700f00_0, v0x55cc74700a40_0, v0x55cc74700a40_1, v0x55cc74700a40_2;
v0x55cc74700a40_3 .array/port v0x55cc74700a40, 3;
v0x55cc74700a40_4 .array/port v0x55cc74700a40, 4;
v0x55cc74700a40_5 .array/port v0x55cc74700a40, 5;
v0x55cc74700a40_6 .array/port v0x55cc74700a40, 6;
E_0x55cc746ec350/1 .event edge, v0x55cc74700a40_3, v0x55cc74700a40_4, v0x55cc74700a40_5, v0x55cc74700a40_6;
v0x55cc74700a40_7 .array/port v0x55cc74700a40, 7;
v0x55cc74700a40_8 .array/port v0x55cc74700a40, 8;
v0x55cc74700a40_9 .array/port v0x55cc74700a40, 9;
v0x55cc74700a40_10 .array/port v0x55cc74700a40, 10;
E_0x55cc746ec350/2 .event edge, v0x55cc74700a40_7, v0x55cc74700a40_8, v0x55cc74700a40_9, v0x55cc74700a40_10;
v0x55cc74700a40_11 .array/port v0x55cc74700a40, 11;
v0x55cc74700a40_12 .array/port v0x55cc74700a40, 12;
v0x55cc74700a40_13 .array/port v0x55cc74700a40, 13;
v0x55cc74700a40_14 .array/port v0x55cc74700a40, 14;
E_0x55cc746ec350/3 .event edge, v0x55cc74700a40_11, v0x55cc74700a40_12, v0x55cc74700a40_13, v0x55cc74700a40_14;
v0x55cc74700a40_15 .array/port v0x55cc74700a40, 15;
v0x55cc74700a40_16 .array/port v0x55cc74700a40, 16;
v0x55cc74700a40_17 .array/port v0x55cc74700a40, 17;
v0x55cc74700a40_18 .array/port v0x55cc74700a40, 18;
E_0x55cc746ec350/4 .event edge, v0x55cc74700a40_15, v0x55cc74700a40_16, v0x55cc74700a40_17, v0x55cc74700a40_18;
v0x55cc74700a40_19 .array/port v0x55cc74700a40, 19;
v0x55cc74700a40_20 .array/port v0x55cc74700a40, 20;
v0x55cc74700a40_21 .array/port v0x55cc74700a40, 21;
v0x55cc74700a40_22 .array/port v0x55cc74700a40, 22;
E_0x55cc746ec350/5 .event edge, v0x55cc74700a40_19, v0x55cc74700a40_20, v0x55cc74700a40_21, v0x55cc74700a40_22;
v0x55cc74700a40_23 .array/port v0x55cc74700a40, 23;
v0x55cc74700a40_24 .array/port v0x55cc74700a40, 24;
v0x55cc74700a40_25 .array/port v0x55cc74700a40, 25;
v0x55cc74700a40_26 .array/port v0x55cc74700a40, 26;
E_0x55cc746ec350/6 .event edge, v0x55cc74700a40_23, v0x55cc74700a40_24, v0x55cc74700a40_25, v0x55cc74700a40_26;
v0x55cc74700a40_27 .array/port v0x55cc74700a40, 27;
v0x55cc74700a40_28 .array/port v0x55cc74700a40, 28;
v0x55cc74700a40_29 .array/port v0x55cc74700a40, 29;
v0x55cc74700a40_30 .array/port v0x55cc74700a40, 30;
E_0x55cc746ec350/7 .event edge, v0x55cc74700a40_27, v0x55cc74700a40_28, v0x55cc74700a40_29, v0x55cc74700a40_30;
v0x55cc74700a40_31 .array/port v0x55cc74700a40, 31;
E_0x55cc746ec350/8 .event edge, v0x55cc74700a40_31, v0x55cc747010a0_0;
E_0x55cc746ec350 .event/or E_0x55cc746ec350/0, E_0x55cc746ec350/1, E_0x55cc746ec350/2, E_0x55cc746ec350/3, E_0x55cc746ec350/4, E_0x55cc746ec350/5, E_0x55cc746ec350/6, E_0x55cc746ec350/7, E_0x55cc746ec350/8;
E_0x55cc746d69b0 .event posedge, v0x55cc74700fe0_0, v0x55cc746b2e10_0;
    .scope S_0x55cc746db8e0;
T_0 ;
    %wait E_0x55cc746d69b0;
    %load/vec4 v0x55cc74700fe0_0;
    %flag_set/vec4 8;
    %jmp/0xz  T_0.0, 8;
    %pushi/vec4 0, 0, 32;
    %store/vec4 v0x55cc747006b0_0, 0, 32;
T_0.2 ;
    %load/vec4 v0x55cc747006b0_0;
    %cmpi/s 32, 0, 32;
    %jmp/0xz T_0.3, 5;
    %pushi/vec4 0, 0, 32;
    %ix/getv/s 3, v0x55cc747006b0_0;
    %ix/load 4, 0, 0; Constant delay
    %assign/vec4/a/d v0x55cc74700a40, 0, 4;
    %load/vec4 v0x55cc747006b0_0;
    %addi 1, 0, 32;
    %store/vec4 v0x55cc747006b0_0, 0, 32;
    %jmp T_0.2;
T_0.3 ;
    %jmp T_0.1;
T_0.0 ;
    %load/vec4 v0x55cc74700930_0;
    %flag_set/vec4 8;
    %jmp/0xz  T_0.4, 8;
    %load/vec4 v0x55cc74701180_0;
    %load/vec4 v0x55cc74701260_0;
    %pad/u 7;
    %ix/vec4 3;
    %ix/load 4, 0, 0; Constant delay
    %assign/vec4/a/d v0x55cc74700a40, 0, 4;
T_0.4 ;
T_0.1 ;
    %jmp T_0;
    .thread T_0;
    .scope S_0x55cc746db8e0;
T_1 ;
    %wait E_0x55cc746ec350;
    %load/vec4 v0x55cc74700f00_0;
    %pad/u 7;
    %ix/vec4 4;
    %load/vec4a v0x55cc74700a40, 4;
    %store/vec4 v0x55cc74700790_0, 0, 32;
    %load/vec4 v0x55cc747010a0_0;
    %pad/u 7;
    %ix/vec4 4;
    %load/vec4a v0x55cc74700a40, 4;
    %store/vec4 v0x55cc74700850_0, 0, 32;
    %jmp T_1;
    .thread T_1, $push;
# The file index is used to find the file name in the following table.
:file_names 3;
    "N/A";
    "<interactive>";
    "register.v";
